#
# There is insufficient memory for the Java Runtime Environment to continue.
# Native memory allocation (mmap) failed to map 536870912 bytes. Error detail: G1 virtual space
# Possible reasons:
#   The system is out of physical RAM or swap space
#   This process is running with CompressedOops enabled, and the Java Heap may be blocking the growth of the native heap
# Possible solutions:
#   Reduce memory load on the system
#   Increase physical memory or swap space
#   Check if swap backing store is full
#   Decrease Java heap size (-Xmx/-Xms)
#   Decrease number of Java threads
#   Decrease Java thread stack sizes (-Xss)
#   Set larger code cache with -XX:ReservedCodeCacheSize=
#   JVM is running with Zero Based Compressed Oops mode in which the Java heap is
#     placed in the first 32GB address space. The Java Heap base address is the
#     maximum limit for the native heap growth. Please use -XX:HeapBaseMinAddress
#     to set the Java Heap base and to place the Java Heap above 32GB virtual address.
# This output file may be truncated or incomplete.
#
#  Out of Memory Error (os_windows.cpp:3828), pid=15544, tid=32348
#
# JRE version:  (21.0.5+8) (build )
# Java VM: OpenJDK 64-Bit Server VM (21.0.5+8-b631.16, mixed mode, sharing, tiered, compressed oops, compressed class ptrs, g1 gc, windows-amd64)
# No core dump will be written. Minidumps are not enabled by default on client versions of Windows
#

---------------  S U M M A R Y ------------

Command Line: git4idea.http.GitAskPassApp Username for 'https://github.com': 

Host: AMD Ryzen 5 5600X 6-Core Processor             , 12 cores, 31G,  Windows 11 , 64 bit Build 26100 (10.0.26100.2454)
Time: Sat Dec 21 00:34:55 2024 RTZ 4 (s 11 , 64 bit Build 26100 (10.0.26100.2454) elapsed time: 1.024143 seconds (0d 0h 0m 1s)

---------------  T H R E A D  ---------------

Current thread (0x00000246982570b0):  JavaThread "Unknown thread" [_thread_in_vm, id=32348, stack(0x000000d327100000,0x000000d327200000) (1024K)]

Stack: [0x000000d327100000,0x000000d327200000]
Native frames: (J=compiled Java code, j=interpreted, Vv=VM code, C=native code)
V  [jvm.dll+0x6e52b9]
V  [jvm.dll+0x8c3633]
V  [jvm.dll+0x8c5b8e]
V  [jvm.dll+0x8c6273]
V  [jvm.dll+0x288f46]
V  [jvm.dll+0x6e1a35]
V  [jvm.dll+0x6d5e3a]
V  [jvm.dll+0x3634bb]
V  [jvm.dll+0x36b086]
V  [jvm.dll+0x3bd346]
V  [jvm.dll+0x3bd618]
V  [jvm.dll+0x335c2c]
V  [jvm.dll+0x33691b]
V  [jvm.dll+0x88aa89]
V  [jvm.dll+0x3ca518]
V  [jvm.dll+0x873b98]
V  [jvm.dll+0x45eede]
V  [jvm.dll+0x460bc1]
C  [jli.dll+0x52ab]
C  [ucrtbase.dll+0x14ea0]
C  [KERNEL32.DLL+0x2e8d7]
C  [ntdll.dll+0xdfbcc]


---------------  P R O C E S S  ---------------

Threads class SMR info:
_java_thread_list=0x00007ffc8130a148, length=0, elements={
}

Java Threads: ( => current thread )
Total: 0

Other Threads:
  0x0000024698231110 WorkerThread "GC Thread#0"                     [id=23884, stack(0x000000d327200000,0x000000d327300000) (1024K)]
  0x0000024698639d70 ConcurrentGCThread "G1 Main Marker"            [id=23540, stack(0x000000d327300000,0x000000d327400000) (1024K)]
  0x0000024698230d70 WorkerThread "G1 Conc#0"                       [id=22884, stack(0x000000d327400000,0x000000d327500000) (1024K)]

[error occurred during error reporting (printing all threads), id 0xc0000005, EXCEPTION_ACCESS_VIOLATION (0xc0000005) at pc=0x00007ffc809f8ce7]
VM state: not at safepoint (not fully initialized)

VM Mutex/Monitor currently owned by a thread:  ([mutex/lock_event])
[0x00007ffc8137eb30] Heap_lock - owner thread: 0x00000246982570b0

Heap address: 0x0000000601000000, size: 8176 MB, Compressed Oops mode: Zero based, Oop shift amount: 3

CDS archive(s) mapped at: [0x0000000000000000-0x0000000000000000-0x0000000000000000), size 0, SharedBaseAddress: 0x0000000800000000, ArchiveRelocationMode: 1.
Narrow klass base: 0x0000000000000000, Narrow klass shift: 0, Narrow klass range: 0x0

GC Precious Log:
 CardTable entry size: 512
 Card Set container configuration: InlinePtr #cards 4 size 8 Array Of Cards #cards 32 size 80 Howl #buckets 8 coarsen threshold 7372 Howl Bitmap #cards 1024 size 144 coarsen threshold 921 Card regions per heap region 1 cards per card region 8192

Heap:
 garbage-first heap   total 0K, used 0K [0x0000000601000000, 0x0000000800000000)
  region size 4096K, 0 young (0K), 0 survivors (0K)
 Metaspace       used 0K, committed 0K, reserved 0K
  class space    used 0K, committed 0K, reserved 0K

Heap Regions: E=young(eden), S=young(survivor), O=old, HS=humongous(starts), HC=humongous(continues), CS=collection set, F=free, TAMS=top-at-mark-start, PB=parsable bottom

Card table byte_map: [0x00000246aea80000,0x00000246afa80000] _byte_map_base: 0x00000246aba78000

Marking Bits: (CMBitMap*) 0x0000024698628690
 Bits: [0x00000246afa80000, 0x00000246b7a40000)

GC Heap History (0 events):
No events

Dll operation events (1 events):
Event: 0.011 Loaded shared library C:\Program Files\JetBrains\JetBrains Rider 2024.3\jbr\bin\java.dll

Deoptimization events (0 events):
No events

Classes loaded (0 events):
No events

Classes unloaded (0 events):
No events

Classes redefined (0 events):
No events

Internal exceptions (0 events):
No events

ZGC Phase Switch (0 events):
No events

VM Operations (0 events):
No events

Memory protections (0 events):
No events

Nmethod flushes (0 events):
No events

Events (0 events):
No events


Dynamic libraries:
0x00007ff7e1760000 - 0x00007ff7e176a000 	C:\Program Files\JetBrains\JetBrains Rider 2024.3\jbr\bin\java.exe
0x00007ffd67320000 - 0x00007ffd67583000 	C:\WINDOWS\SYSTEM32\ntdll.dll
0x00007ffd662d0000 - 0x00007ffd66398000 	C:\WINDOWS\System32\KERNEL32.DLL
0x00007ffd64820000 - 0x00007ffd64bd2000 	C:\WINDOWS\System32\KERNELBASE.dll
0x00007ffd64dc0000 - 0x00007ffd64f0b000 	C:\WINDOWS\System32\ucrtbase.dll
0x00007ffd51b30000 - 0x00007ffd51b4b000 	C:\Program Files\JetBrains\JetBrains Rider 2024.3\jbr\bin\VCRUNTIME140.dll
0x00007ffd4e480000 - 0x00007ffd4e498000 	C:\Program Files\JetBrains\JetBrains Rider 2024.3\jbr\bin\jli.dll
0x00007ffd65fa0000 - 0x00007ffd66168000 	C:\WINDOWS\System32\USER32.dll
0x00007ffd48ee0000 - 0x00007ffd49170000 	C:\WINDOWS\WinSxS\amd64_microsoft.windows.common-controls_6595b64144ccf1df_6.0.26100.2454_none_3e0b68a2e331ad60\COMCTL32.dll
0x00007ffd65090000 - 0x00007ffd650b7000 	C:\WINDOWS\System32\win32u.dll
0x00007ffd66f80000 - 0x00007ffd66faa000 	C:\WINDOWS\System32\GDI32.dll
0x00007ffd646f0000 - 0x00007ffd6481b000 	C:\WINDOWS\System32\gdi32full.dll
0x00007ffd64be0000 - 0x00007ffd64c83000 	C:\WINDOWS\System32\msvcp_win.dll
0x00007ffd65190000 - 0x00007ffd65239000 	C:\WINDOWS\System32\msvcrt.dll
0x00007ffd652b0000 - 0x00007ffd652df000 	C:\WINDOWS\System32\IMM32.DLL
0x00007ffd5f640000 - 0x00007ffd5f64c000 	C:\Program Files\JetBrains\JetBrains Rider 2024.3\jbr\bin\vcruntime140_1.dll
0x00007ffd2bc30000 - 0x00007ffd2bcbd000 	C:\Program Files\JetBrains\JetBrains Rider 2024.3\jbr\bin\msvcp140.dll
0x00007ffc806b0000 - 0x00007ffc81471000 	C:\Program Files\JetBrains\JetBrains Rider 2024.3\jbr\bin\server\jvm.dll
0x00007ffd65eb0000 - 0x00007ffd65f64000 	C:\WINDOWS\System32\ADVAPI32.dll
0x00007ffd663a0000 - 0x00007ffd66446000 	C:\WINDOWS\System32\sechost.dll
0x00007ffd654e0000 - 0x00007ffd655f6000 	C:\WINDOWS\System32\RPCRT4.dll
0x00007ffd66620000 - 0x00007ffd66694000 	C:\WINDOWS\System32\WS2_32.dll
0x00007ffd63f30000 - 0x00007ffd63f7e000 	C:\WINDOWS\SYSTEM32\POWRPROF.dll
0x00007ffd58c80000 - 0x00007ffd58cb6000 	C:\WINDOWS\SYSTEM32\WINMM.dll
0x00007ffd5e220000 - 0x00007ffd5e22b000 	C:\WINDOWS\SYSTEM32\VERSION.dll
0x00007ffd63f10000 - 0x00007ffd63f24000 	C:\WINDOWS\SYSTEM32\UMPDC.dll
0x00007ffd634f0000 - 0x00007ffd6350a000 	C:\WINDOWS\SYSTEM32\kernel.appcore.dll
0x00007ffd5f620000 - 0x00007ffd5f62a000 	C:\Program Files\JetBrains\JetBrains Rider 2024.3\jbr\bin\jimage.dll
0x00007ffd56bd0000 - 0x00007ffd56e11000 	C:\WINDOWS\SYSTEM32\DBGHELP.DLL
0x00007ffd66b40000 - 0x00007ffd66ebe000 	C:\WINDOWS\System32\combase.dll
0x00007ffd66170000 - 0x00007ffd66246000 	C:\WINDOWS\System32\OLEAUT32.dll
0x00007ffd373c0000 - 0x00007ffd373f9000 	C:\WINDOWS\SYSTEM32\dbgcore.DLL
0x00007ffd64c90000 - 0x00007ffd64d29000 	C:\WINDOWS\System32\bcryptPrimitives.dll
0x00007ffd4ec00000 - 0x00007ffd4ec20000 	C:\Program Files\JetBrains\JetBrains Rider 2024.3\jbr\bin\java.dll

dbghelp: loaded successfully - version: 4.0.5 - missing functions: none
symbol engine: initialized successfully - sym options: 0x614 - pdb path: .;C:\Program Files\JetBrains\JetBrains Rider 2024.3\jbr\bin;C:\WINDOWS\SYSTEM32;C:\WINDOWS\WinSxS\amd64_microsoft.windows.common-controls_6595b64144ccf1df_6.0.26100.2454_none_3e0b68a2e331ad60;C:\Program Files\JetBrains\JetBrains Rider 2024.3\jbr\bin\server

VM Arguments:
java_command: git4idea.http.GitAskPassApp Username for 'https://github.com': 
java_class_path (initial): C:/Program Files/JetBrains/JetBrains Rider 2024.3/plugins/vcs-git/lib/git4idea-rt.jar;C:/Program Files/JetBrains/JetBrains Rider 2024.3/lib/externalProcess-rt.jar
Launcher Type: SUN_STANDARD

[Global flags]
     intx CICompilerCount                          = 4                                         {product} {ergonomic}
     uint ConcGCThreads                            = 3                                         {product} {ergonomic}
     uint G1ConcRefinementThreads                  = 10                                        {product} {ergonomic}
   size_t G1HeapRegionSize                         = 4194304                                   {product} {ergonomic}
    uintx GCDrainStackTargetSize                   = 64                                        {product} {ergonomic}
   size_t InitialHeapSize                          = 536870912                                 {product} {ergonomic}
   size_t MarkStackSize                            = 4194304                                   {product} {ergonomic}
   size_t MaxHeapSize                              = 8573157376                                {product} {ergonomic}
   size_t MinHeapDeltaBytes                        = 4194304                                   {product} {ergonomic}
   size_t MinHeapSize                              = 8388608                                   {product} {ergonomic}
    uintx NonNMethodCodeHeapSize                   = 5839372                                {pd product} {ergonomic}
    uintx NonProfiledCodeHeapSize                  = 122909434                              {pd product} {ergonomic}
    uintx ProfiledCodeHeapSize                     = 122909434                              {pd product} {ergonomic}
    uintx ReservedCodeCacheSize                    = 251658240                              {pd product} {ergonomic}
     bool SegmentedCodeCache                       = true                                      {product} {ergonomic}
   size_t SoftMaxHeapSize                          = 8573157376                             {manageable} {ergonomic}
     bool UseCompressedOops                        = true                           {product lp64_product} {ergonomic}
     bool UseG1GC                                  = true                                      {product} {ergonomic}
     bool UseLargePagesIndividualAllocation        = false                                  {pd product} {ergonomic}

Logging:
Log output configuration:
 #0: stdout all=warning uptime,level,tags foldmultilines=false
 #1: stderr all=off uptime,level,tags foldmultilines=false

Environment Variables:
PATH=C:\Program Files\Git\mingw64\libexec\git-core;C:\Program Files\Git\mingw64\libexec\git-core;C:\Program Files\Git\mingw64\bin;C:\Program Files\Git\usr\bin;C:\Users\njab\bin;C:\WINDOWS\system32;C:\WINDOWS;C:\WINDOWS\System32\Wbem;C:\WINDOWS\System32\WindowsPowerShell\v1.0;C:\WINDOWS\System32\OpenSSH;C:\Program Files\NVIDIA Corporation\NVIDIA app\NvDLISR;C:\Program Files (x86)\NVIDIA Corporation\PhysX\Common;C:\Program Files\Microsoft SQL Server\150\Tools\Binn;C:\Program Files\Microsoft SQL Server\Client SDK\ODBC\170\Tools\Binn;C:\Program Files\nodejs;C:\Program Files\Docker\Docker\resources\bin;C:\Program Files\Git\cmd;C:\OSPanel\modules\PHP-8.3\PHP;C:\ProgramData\ComposerSetup\bin;C:\Program Files\dotnet;C:\Users\njab\AppData\Local\Programs\Python\Python310\Scripts;C:\Users\njab\AppData\Local\Programs\Python\Python310;C:\Users\njab\AppData\Local\Programs\Python\Launcher;C:\OSPanel\bin;C:\Users\njab\AppData\Local\Microsoft\WindowsApps;C:\Users\njab\AppData\Local\Programs\Microsoft VS Code\bin;C:\Users\njab\AppData\Roaming\npm;C:\Users\njab\AppData\Roaming\Composer\vendor\bin;C:\Users\njab\.dotnet\tools;C:\Program Files\JetBrains\JetBrains Rider 2024.3\bin;C:\Program Files\JetBrains\WebStorm 2024.3.1\bin
USERNAME=njab
DISPLAY=:0.0
LC_ALL=en_US.UTF-8
TERM=xterm-256color
TMPDIR=C:\Users\njab\AppData\Local\Temp
OS=Windows_NT
PROCESSOR_IDENTIFIER=AMD64 Family 25 Model 33 Stepping 2, AuthenticAMD
TMP=C:\Users\njab\AppData\Local\Temp
TEMP=C:\Users\njab\AppData\Local\Temp




Periodic native trim disabled

JNI global refs:
JNI global refs: 0, weak refs: 0

JNI global refs memory usage: 0, weak refs: 0

Process memory usage:
Resident Set Size: 13536K (0% of 33475140K total physical memory with 2104316K free physical memory)

OOME stack traces (most recent first):
Classloader memory used:

---------------  S Y S T E M  ---------------

OS:
 Windows 11 , 64 bit Build 26100 (10.0.26100.2454)
OS uptime: 3 days 4:30 hours
Hyper-V role detected

CPU: total 12 (initial active 12) (12 cores per cpu, 2 threads per core) family 25 model 33 stepping 2 microcode 0xa20120a, cx8, cmov, fxsr, ht, mmx, 3dnowpref, sse, sse2, sse3, ssse3, sse4a, sse4.1, sse4.2, popcnt, lzcnt, tsc, tscinvbit, avx, avx2, aes, erms, clmul, bmi1, bmi2, adx, sha, fma, vzeroupper, clflush, clflushopt, hv, rdtscp, rdpid, fsrm, f16c, cet_ss
Processor Information for all 12 processors :
  Max Mhz: 3700, Current Mhz: 3700, Mhz Limit: 3700

Memory: 4k page, system-wide physical 32690M (2054M free)
TotalPageFile size 52690M (AvailPageFile size 473M)
current process WorkingSet (physical memory assigned to process): 13M, peak: 13M
current process commit charge ("private bytes"): 64M, peak: 576M

vm_info: OpenJDK 64-Bit Server VM (21.0.5+8-b631.16) for windows-amd64 JRE (21.0.5+8-b631.16), built on 2024-11-02 by "builduser" with MS VC++ 16.10 / 16.11 (VS2019)

END.
